-------------------------------------------------------------------------------
Test set: playwright.demo.tests.ultimateqa
-------------------------------------------------------------------------------
Tests run: 4, Failures: 0, Errors: 1, Skipped: 0, Time elapsed: 30.326 s <<< FAILURE! - in playwright.demo.tests.ultimateqa
playwright.demo.tests.ultimateqa.createAccount  Time elapsed: 8.838 s  <<< ERROR!
com.microsoft.playwright.impl.TargetClosedError: 
Error {
  message='Target page, context or browser has been closed
  name='TargetClosedError
  stack='TargetClosedError:Target page, context or browser has been closed
Error
    at captureRawStack (C:\Users\DK2530\AppData\Local\Temp\playwright-java-14554824801006742512\package\lib\utils\stackTrace.js:49:17)
    at LongStandingScope._race (C:\Users\DK2530\AppData\Local\Temp\playwright-java-14554824801006742512\package\lib\utils\manualPromise.js:91:52)
    at LongStandingScope.race (C:\Users\DK2530\AppData\Local\Temp\playwright-java-14554824801006742512\package\lib\utils\manualPromise.js:84:17)
    at FrameDispatcher._handleCommand (C:\Users\DK2530\AppData\Local\Temp\playwright-java-14554824801006742512\package\lib\server\dispatchers\dispatcher.js:96:36)
    at DispatcherConnection.dispatch (C:\Users\DK2530\AppData\Local\Temp\playwright-java-14554824801006742512\package\lib\server\dispatchers\dispatcher.js:361:39)
}
Call log:
- waiting for locator("#user_accepts_terms")

	at com.microsoft.playwright.impl.WaitableResult.get(WaitableResult.java:54)
	at com.microsoft.playwright.impl.ChannelOwner.runUntil(ChannelOwner.java:120)
	at com.microsoft.playwright.impl.Connection.sendMessage(Connection.java:130)
	at com.microsoft.playwright.impl.ChannelOwner.sendMessage(ChannelOwner.java:106)
	at com.microsoft.playwright.impl.FrameImpl.checkImpl(FrameImpl.java:233)
	at com.microsoft.playwright.impl.FrameImpl.lambda$check$7(FrameImpl.java:224)
	at com.microsoft.playwright.impl.LoggingSupport.lambda$withLogging$0(LoggingSupport.java:36)
	at com.microsoft.playwright.impl.LoggingSupport.withLogging(LoggingSupport.java:47)
	at com.microsoft.playwright.impl.ChannelOwner.withLogging(ChannelOwner.java:89)
	at com.microsoft.playwright.impl.LoggingSupport.withLogging(LoggingSupport.java:35)
	at com.microsoft.playwright.impl.FrameImpl.check(FrameImpl.java:224)
	at com.microsoft.playwright.impl.LocatorImpl.check(LocatorImpl.java:147)
	at com.microsoft.playwright.Locator.check(Locator.java:2354)
	at playwright.demo.tests.ultimateqa.createAccount(ultimateqa.java:127)
	at java.base/java.lang.reflect.Method.invoke(Method.java:569)
	at java.base/java.util.ArrayList.forEach(ArrayList.java:1511)
	at java.base/java.util.ArrayList.forEach(ArrayList.java:1511)
Caused by: com.microsoft.playwright.impl.TargetClosedError: Error {
  message='Target page, context or browser has been closed
  name='TargetClosedError
  stack='TargetClosedError:Target page, context or browser has been closed
Error
    at captureRawStack (C:\Users\DK2530\AppData\Local\Temp\playwright-java-14554824801006742512\package\lib\utils\stackTrace.js:49:17)
    at LongStandingScope._race (C:\Users\DK2530\AppData\Local\Temp\playwright-java-14554824801006742512\package\lib\utils\manualPromise.js:91:52)
    at LongStandingScope.race (C:\Users\DK2530\AppData\Local\Temp\playwright-java-14554824801006742512\package\lib\utils\manualPromise.js:84:17)
    at FrameDispatcher._handleCommand (C:\Users\DK2530\AppData\Local\Temp\playwright-java-14554824801006742512\package\lib\server\dispatchers\dispatcher.js:96:36)
    at DispatcherConnection.dispatch (C:\Users\DK2530\AppData\Local\Temp\playwright-java-14554824801006742512\package\lib\server\dispatchers\dispatcher.js:361:39)
}
Call log:
- waiting for locator("#user_accepts_terms")

	at com.microsoft.playwright.impl.Connection.dispatch(Connection.java:256)
	at com.microsoft.playwright.impl.Connection.processOneMessage(Connection.java:211)
	at com.microsoft.playwright.impl.ChannelOwner.runUntil(ChannelOwner.java:118)
	... 15 more

