-------------------------------------------------------------------------------
Test set: playwright.demo.tests.ultimateqa
-------------------------------------------------------------------------------
Tests run: 4, Failures: 0, Errors: 1, Skipped: 0, Time elapsed: 54.533 s <<< FAILURE! - in playwright.demo.tests.ultimateqa
playwright.demo.tests.ultimateqa.createAccount  Time elapsed: 33.047 s  <<< ERROR!
com.microsoft.playwright.TimeoutError: 
Error {
  message='Timeout 30000ms exceeded.
  name='TimeoutError
  stack='TimeoutError: Timeout 30000ms exceeded.
    at ProgressController.run (C:\Users\DK2530\AppData\Local\Temp\playwright-java-8185512798414538786\package\lib\server\progress.js:78:26)
    at Frame.check (C:\Users\DK2530\AppData\Local\Temp\playwright-java-8185512798414538786\package\lib\server\frames.js:1195:23)
    at FrameDispatcher.check (C:\Users\DK2530\AppData\Local\Temp\playwright-java-8185512798414538786\package\lib\server\dispatchers\frameDispatcher.js:254:30)
    at FrameDispatcher._handleCommand (C:\Users\DK2530\AppData\Local\Temp\playwright-java-8185512798414538786\package\lib\server\dispatchers\dispatcher.js:94:40)
    at DispatcherConnection.dispatch (C:\Users\DK2530\AppData\Local\Temp\playwright-java-8185512798414538786\package\lib\server\dispatchers\dispatcher.js:361:39)
}
Call log:
- waiting for locator("#user_accepts_terms")

	at com.microsoft.playwright.impl.WaitableResult.get(WaitableResult.java:52)
	at com.microsoft.playwright.impl.ChannelOwner.runUntil(ChannelOwner.java:120)
	at com.microsoft.playwright.impl.Connection.sendMessage(Connection.java:130)
	at com.microsoft.playwright.impl.ChannelOwner.sendMessage(ChannelOwner.java:106)
	at com.microsoft.playwright.impl.FrameImpl.checkImpl(FrameImpl.java:233)
	at com.microsoft.playwright.impl.FrameImpl.lambda$check$7(FrameImpl.java:224)
	at com.microsoft.playwright.impl.LoggingSupport.lambda$withLogging$0(LoggingSupport.java:36)
	at com.microsoft.playwright.impl.LoggingSupport.withLogging(LoggingSupport.java:47)
	at com.microsoft.playwright.impl.ChannelOwner.withLogging(ChannelOwner.java:89)
	at com.microsoft.playwright.impl.LoggingSupport.withLogging(LoggingSupport.java:35)
	at com.microsoft.playwright.impl.FrameImpl.check(FrameImpl.java:224)
	at com.microsoft.playwright.impl.LocatorImpl.check(LocatorImpl.java:147)
	at com.microsoft.playwright.Locator.check(Locator.java:2354)
	at playwright.demo.tests.ultimateqa.createAccount(ultimateqa.java:123)
	at java.base/java.lang.reflect.Method.invoke(Method.java:569)
	at java.base/java.util.ArrayList.forEach(ArrayList.java:1511)
	at java.base/java.util.ArrayList.forEach(ArrayList.java:1511)
Caused by: com.microsoft.playwright.TimeoutError: Error {
  message='Timeout 30000ms exceeded.
  name='TimeoutError
  stack='TimeoutError: Timeout 30000ms exceeded.
    at ProgressController.run (C:\Users\DK2530\AppData\Local\Temp\playwright-java-8185512798414538786\package\lib\server\progress.js:78:26)
    at Frame.check (C:\Users\DK2530\AppData\Local\Temp\playwright-java-8185512798414538786\package\lib\server\frames.js:1195:23)
    at FrameDispatcher.check (C:\Users\DK2530\AppData\Local\Temp\playwright-java-8185512798414538786\package\lib\server\dispatchers\frameDispatcher.js:254:30)
    at FrameDispatcher._handleCommand (C:\Users\DK2530\AppData\Local\Temp\playwright-java-8185512798414538786\package\lib\server\dispatchers\dispatcher.js:94:40)
    at DispatcherConnection.dispatch (C:\Users\DK2530\AppData\Local\Temp\playwright-java-8185512798414538786\package\lib\server\dispatchers\dispatcher.js:361:39)
}
Call log:
- waiting for locator("#user_accepts_terms")

	at com.microsoft.playwright.impl.Connection.dispatch(Connection.java:254)
	at com.microsoft.playwright.impl.Connection.processOneMessage(Connection.java:211)
	at com.microsoft.playwright.impl.ChannelOwner.runUntil(ChannelOwner.java:118)
	... 15 more

