<?xml version="1.0" encoding="UTF-8"?>
<testsuite xmlns:xsi="http://www.w3.org/2001/XMLSchema-instance" xsi:noNamespaceSchemaLocation="https://maven.apache.org/surefire/maven-surefire-plugin/xsd/surefire-test-report-3.0.xsd" version="3.0" name="playwright.demo.tests.ultimateqa" time="54.533" tests="4" errors="1" skipped="0" failures="0">
  <properties>
[...]
</properties>
  <testcase name="TestCase1" classname="playwright.demo.tests.ultimateqa" time="1.222"/>
  <testcase name="TestCase2" classname="playwright.demo.tests.ultimateqa" time="4.486"/>
  <testcase name="TestCase3" classname="playwright.demo.tests.ultimateqa" time="1.987"/>
  <testcase name="createAccount" classname="playwright.demo.tests.ultimateqa" time="33.047">
    <error message="Error {&#10;  message=&apos;Timeout 30000ms exceeded.&#10;  name=&apos;TimeoutError&#10;  stack=&apos;TimeoutError: Timeout 30000ms exceeded.&#10;    at ProgressController.run (C:\Users\DK2530\AppData\Local\Temp\playwright-java-8185512798414538786\package\lib\server\progress.js:78:26)&#10;    at Frame.check (C:\Users\DK2530\AppData\Local\Temp\playwright-java-8185512798414538786\package\lib\server\frames.js:1195:23)&#10;    at FrameDispatcher.check (C:\Users\DK2530\AppData\Local\Temp\playwright-java-8185512798414538786\package\lib\server\dispatchers\frameDispatcher.js:254:30)&#10;    at FrameDispatcher._handleCommand (C:\Users\DK2530\AppData\Local\Temp\playwright-java-8185512798414538786\package\lib\server\dispatchers\dispatcher.js:94:40)&#10;    at DispatcherConnection.dispatch (C:\Users\DK2530\AppData\Local\Temp\playwright-java-8185512798414538786\package\lib\server\dispatchers\dispatcher.js:361:39)&#10;}&#10;Call log:&#10;- waiting for locator(&quot;#user_accepts_terms&quot;)&#10;" type="com.microsoft.playwright.TimeoutError"><![CDATA[com.microsoft.playwright.TimeoutError: 
Error {
  message='Timeout 30000ms exceeded.
  name='TimeoutError
  stack='TimeoutError: Timeout 30000ms exceeded.
    at ProgressController.run (C:\Users\DK2530\AppData\Local\Temp\playwright-java-8185512798414538786\package\lib\server\progress.js:78:26)
    at Frame.check (C:\Users\DK2530\AppData\Local\Temp\playwright-java-8185512798414538786\package\lib\server\frames.js:1195:23)
    at FrameDispatcher.check (C:\Users\DK2530\AppData\Local\Temp\playwright-java-8185512798414538786\package\lib\server\dispatchers\frameDispatcher.js:254:30)
    at FrameDispatcher._handleCommand (C:\Users\DK2530\AppData\Local\Temp\playwright-java-8185512798414538786\package\lib\server\dispatchers\dispatcher.js:94:40)
    at DispatcherConnection.dispatch (C:\Users\DK2530\AppData\Local\Temp\playwright-java-8185512798414538786\package\lib\server\dispatchers\dispatcher.js:361:39)
}
Call log:
- waiting for locator("#user_accepts_terms")

	at com.microsoft.playwright.impl.WaitableResult.get(WaitableResult.java:52)
	at com.microsoft.playwright.impl.ChannelOwner.runUntil(ChannelOwner.java:120)
	at com.microsoft.playwright.impl.Connection.sendMessage(Connection.java:130)
	at com.microsoft.playwright.impl.ChannelOwner.sendMessage(ChannelOwner.java:106)
	at com.microsoft.playwright.impl.FrameImpl.checkImpl(FrameImpl.java:233)
	at com.microsoft.playwright.impl.FrameImpl.lambda$check$7(FrameImpl.java:224)
	at com.microsoft.playwright.impl.LoggingSupport.lambda$withLogging$0(LoggingSupport.java:36)
	at com.microsoft.playwright.impl.LoggingSupport.withLogging(LoggingSupport.java:47)
	at com.microsoft.playwright.impl.ChannelOwner.withLogging(ChannelOwner.java:89)
	at com.microsoft.playwright.impl.LoggingSupport.withLogging(LoggingSupport.java:35)
	at com.microsoft.playwright.impl.FrameImpl.check(FrameImpl.java:224)
	at com.microsoft.playwright.impl.LocatorImpl.check(LocatorImpl.java:147)
	at com.microsoft.playwright.Locator.check(Locator.java:2354)
	at playwright.demo.tests.ultimateqa.createAccount(ultimateqa.java:123)
	at java.base/java.lang.reflect.Method.invoke(Method.java:569)
	at java.base/java.util.ArrayList.forEach(ArrayList.java:1511)
	at java.base/java.util.ArrayList.forEach(ArrayList.java:1511)
Caused by: com.microsoft.playwright.TimeoutError: Error {
  message='Timeout 30000ms exceeded.
  name='TimeoutError
  stack='TimeoutError: Timeout 30000ms exceeded.
    at ProgressController.run (C:\Users\DK2530\AppData\Local\Temp\playwright-java-8185512798414538786\package\lib\server\progress.js:78:26)
    at Frame.check (C:\Users\DK2530\AppData\Local\Temp\playwright-java-8185512798414538786\package\lib\server\frames.js:1195:23)
    at FrameDispatcher.check (C:\Users\DK2530\AppData\Local\Temp\playwright-java-8185512798414538786\package\lib\server\dispatchers\frameDispatcher.js:254:30)
    at FrameDispatcher._handleCommand (C:\Users\DK2530\AppData\Local\Temp\playwright-java-8185512798414538786\package\lib\server\dispatchers\dispatcher.js:94:40)
    at DispatcherConnection.dispatch (C:\Users\DK2530\AppData\Local\Temp\playwright-java-8185512798414538786\package\lib\server\dispatchers\dispatcher.js:361:39)
}
Call log:
- waiting for locator("#user_accepts_terms")

	at com.microsoft.playwright.impl.Connection.dispatch(Connection.java:254)
	at com.microsoft.playwright.impl.Connection.processOneMessage(Connection.java:211)
	at com.microsoft.playwright.impl.ChannelOwner.runUntil(ChannelOwner.java:118)
	... 15 more
]]></error>
  </testcase>
</testsuite>