<?xml version="1.0" encoding="UTF-8"?>
<testsuite xmlns:xsi="http://www.w3.org/2001/XMLSchema-instance" xsi:noNamespaceSchemaLocation="https://maven.apache.org/surefire/maven-surefire-plugin/xsd/surefire-test-report-3.0.xsd" version="3.0" name="playwright.demo.tests.UltimateqaTest" time="19.661" tests="1" errors="1" skipped="0" failures="0">
  <properties>
[...]
</properties>
  <testcase name="testCreateAccount" classname="playwright.demo.tests.UltimateqaTest" time="14.07">
    <error message="Error {&#10;  message=&apos;Target page, context or browser has been closed&#10;  name=&apos;TargetClosedError&#10;  stack=&apos;TargetClosedError:Target page, context or browser has been closed&#10;Error&#10;    at captureRawStack (C:\Users\DK2530\AppData\Local\Temp\playwright-java-8972295709055622724\package\lib\utils\stackTrace.js:49:17)&#10;    at LongStandingScope._race (C:\Users\DK2530\AppData\Local\Temp\playwright-java-8972295709055622724\package\lib\utils\manualPromise.js:91:52)&#10;    at LongStandingScope.race (C:\Users\DK2530\AppData\Local\Temp\playwright-java-8972295709055622724\package\lib\utils\manualPromise.js:84:17)&#10;    at C:\Users\DK2530\AppData\Local\Temp\playwright-java-8972295709055622724\package\lib\utils\manualPromise.js:81:43&#10;    at Array.map (&lt;anonymous&gt;)&#10;    at LongStandingScope.raceMultiple (C:\Users\DK2530\AppData\Local\Temp\playwright-java-8972295709055622724\package\lib\utils\manualPromise.js:81:32)&#10;    at Frame.retryWithProgressAndTimeouts (C:\Users\DK2530\AppData\Local\Temp\playwright-java-8972295709055622724\package\lib\server\frames.js:919:40)&#10;    at async C:\Users\DK2530\AppData\Local\Temp\playwright-java-8972295709055622724\package\lib\server\frames.js:1008:29&#10;    at async ProgressController.run (C:\Users\DK2530\AppData\Local\Temp\playwright-java-8972295709055622724\package\lib\server\progress.js:82:22)&#10;    at async FrameDispatcher.click (C:\Users\DK2530\AppData\Local\Temp\playwright-java-8972295709055622724\package\lib\server\dispatchers\frameDispatcher.js:157:12)&#10;    at async LongStandingScope._race (C:\Users\DK2530\AppData\Local\Temp\playwright-java-8972295709055622724\package\lib\utils\manualPromise.js:96:14)&#10;    at async FrameDispatcher._handleCommand (C:\Users\DK2530\AppData\Local\Temp\playwright-java-8972295709055622724\package\lib\server\dispatchers\dispatcher.js:96:14)&#10;    at async DispatcherConnection.dispatch (C:\Users\DK2530\AppData\Local\Temp\playwright-java-8972295709055622724\package\lib\server\dispatchers\dispatcher.js:361:22)&#10;}&#10;Call log:&#10;- waiting for locator(&quot;a[href=&apos;/users/sign_up&apos;]&quot;)&#10;" type="com.microsoft.playwright.impl.TargetClosedError"><![CDATA[com.microsoft.playwright.impl.TargetClosedError: 
Error {
  message='Target page, context or browser has been closed
  name='TargetClosedError
  stack='TargetClosedError:Target page, context or browser has been closed
Error
    at captureRawStack (C:\Users\DK2530\AppData\Local\Temp\playwright-java-8972295709055622724\package\lib\utils\stackTrace.js:49:17)
    at LongStandingScope._race (C:\Users\DK2530\AppData\Local\Temp\playwright-java-8972295709055622724\package\lib\utils\manualPromise.js:91:52)
    at LongStandingScope.race (C:\Users\DK2530\AppData\Local\Temp\playwright-java-8972295709055622724\package\lib\utils\manualPromise.js:84:17)
    at C:\Users\DK2530\AppData\Local\Temp\playwright-java-8972295709055622724\package\lib\utils\manualPromise.js:81:43
    at Array.map (<anonymous>)
    at LongStandingScope.raceMultiple (C:\Users\DK2530\AppData\Local\Temp\playwright-java-8972295709055622724\package\lib\utils\manualPromise.js:81:32)
    at Frame.retryWithProgressAndTimeouts (C:\Users\DK2530\AppData\Local\Temp\playwright-java-8972295709055622724\package\lib\server\frames.js:919:40)
    at async C:\Users\DK2530\AppData\Local\Temp\playwright-java-8972295709055622724\package\lib\server\frames.js:1008:29
    at async ProgressController.run (C:\Users\DK2530\AppData\Local\Temp\playwright-java-8972295709055622724\package\lib\server\progress.js:82:22)
    at async FrameDispatcher.click (C:\Users\DK2530\AppData\Local\Temp\playwright-java-8972295709055622724\package\lib\server\dispatchers\frameDispatcher.js:157:12)
    at async LongStandingScope._race (C:\Users\DK2530\AppData\Local\Temp\playwright-java-8972295709055622724\package\lib\utils\manualPromise.js:96:14)
    at async FrameDispatcher._handleCommand (C:\Users\DK2530\AppData\Local\Temp\playwright-java-8972295709055622724\package\lib\server\dispatchers\dispatcher.js:96:14)
    at async DispatcherConnection.dispatch (C:\Users\DK2530\AppData\Local\Temp\playwright-java-8972295709055622724\package\lib\server\dispatchers\dispatcher.js:361:22)
}
Call log:
- waiting for locator("a[href='/users/sign_up']")

	at com.microsoft.playwright.impl.WaitableResult.get(WaitableResult.java:54)
	at com.microsoft.playwright.impl.ChannelOwner.runUntil(ChannelOwner.java:120)
	at com.microsoft.playwright.impl.Connection.sendMessage(Connection.java:130)
	at com.microsoft.playwright.impl.ChannelOwner.sendMessage(ChannelOwner.java:106)
	at com.microsoft.playwright.impl.FrameImpl.clickImpl(FrameImpl.java:252)
	at com.microsoft.playwright.impl.FrameImpl.lambda$click$8(FrameImpl.java:243)
	at com.microsoft.playwright.impl.LoggingSupport.lambda$withLogging$0(LoggingSupport.java:36)
	at com.microsoft.playwright.impl.LoggingSupport.withLogging(LoggingSupport.java:47)
	at com.microsoft.playwright.impl.ChannelOwner.withLogging(ChannelOwner.java:89)
	at com.microsoft.playwright.impl.LoggingSupport.withLogging(LoggingSupport.java:35)
	at com.microsoft.playwright.impl.FrameImpl.click(FrameImpl.java:243)
	at com.microsoft.playwright.impl.LocatorImpl.click(LocatorImpl.java:160)
	at com.microsoft.playwright.Locator.click(Locator.java:2468)
	at playwright.demo.tests.UltimateqaTest.testCreateAccount(UltimateqaTest.java:30)
	at java.base/java.lang.reflect.Method.invoke(Method.java:569)
	at java.base/java.util.ArrayList.forEach(ArrayList.java:1511)
	at java.base/java.util.ArrayList.forEach(ArrayList.java:1511)
Caused by: com.microsoft.playwright.impl.TargetClosedError: Error {
  message='Target page, context or browser has been closed
  name='TargetClosedError
  stack='TargetClosedError:Target page, context or browser has been closed
Error
    at captureRawStack (C:\Users\DK2530\AppData\Local\Temp\playwright-java-8972295709055622724\package\lib\utils\stackTrace.js:49:17)
    at LongStandingScope._race (C:\Users\DK2530\AppData\Local\Temp\playwright-java-8972295709055622724\package\lib\utils\manualPromise.js:91:52)
    at LongStandingScope.race (C:\Users\DK2530\AppData\Local\Temp\playwright-java-8972295709055622724\package\lib\utils\manualPromise.js:84:17)
    at C:\Users\DK2530\AppData\Local\Temp\playwright-java-8972295709055622724\package\lib\utils\manualPromise.js:81:43
    at Array.map (<anonymous>)
    at LongStandingScope.raceMultiple (C:\Users\DK2530\AppData\Local\Temp\playwright-java-8972295709055622724\package\lib\utils\manualPromise.js:81:32)
    at Frame.retryWithProgressAndTimeouts (C:\Users\DK2530\AppData\Local\Temp\playwright-java-8972295709055622724\package\lib\server\frames.js:919:40)
    at async C:\Users\DK2530\AppData\Local\Temp\playwright-java-8972295709055622724\package\lib\server\frames.js:1008:29
    at async ProgressController.run (C:\Users\DK2530\AppData\Local\Temp\playwright-java-8972295709055622724\package\lib\server\progress.js:82:22)
    at async FrameDispatcher.click (C:\Users\DK2530\AppData\Local\Temp\playwright-java-8972295709055622724\package\lib\server\dispatchers\frameDispatcher.js:157:12)
    at async LongStandingScope._race (C:\Users\DK2530\AppData\Local\Temp\playwright-java-8972295709055622724\package\lib\utils\manualPromise.js:96:14)
    at async FrameDispatcher._handleCommand (C:\Users\DK2530\AppData\Local\Temp\playwright-java-8972295709055622724\package\lib\server\dispatchers\dispatcher.js:96:14)
    at async DispatcherConnection.dispatch (C:\Users\DK2530\AppData\Local\Temp\playwright-java-8972295709055622724\package\lib\server\dispatchers\dispatcher.js:361:22)
}
Call log:
- waiting for locator("a[href='/users/sign_up']")

	at com.microsoft.playwright.impl.Connection.dispatch(Connection.java:256)
	at com.microsoft.playwright.impl.Connection.processOneMessage(Connection.java:211)
	at com.microsoft.playwright.impl.ChannelOwner.runUntil(ChannelOwner.java:118)
	... 15 more
]]></error>
  </testcase>
</testsuite>